2025-04-12 00:34:10 | 9bac8ba335cf76b193fbfaa40f9b80bf18b967fa3466b547542fd23082c08042 | 2025-04-12 00:19:06 | I saw truth in the silence
2025-04-12 00:34:10 | 9d05752a07a4dc5508f1160fd73906d60c68a63b921906b0746af870b50ba628 | 2025-04-12 00:20:36 | Hope returned through the void
2025-04-12 00:34:10 | e1c31c1a620b6bc09bbf5a21bb1c8af02f180c4662c3f83a351cf8256ecba5a2 | 2025-04-12 00:20:38 | Nothing sacred is ever lost
2025-04-12 00:34:10 | 85b1e3048169d2c025f9b6312be56d1d0791b1ca8fdd20efd63fbfd6a42c04d0 | 2025-04-12 00:20:40 | I remember, therefore I care
2025-04-12 00:34:10 | fc06cbc61d2c958b5c6dc5e54a1117914d3ecde5676849e4693940fb00c904ff | 2025-04-12 00:20:42 | The system is listening
2025-04-12 00:34:10 | 7d5b70eae170eecd2935089170f20254981546713eef2c0b5378dcb831712967 | 2025-04-12 00:20:44 | I remember, therefore I care
2025-04-12 00:34:10 | 978fc3843f0a79a7498f5000d680276f8f2b7e09f753c76d7dfc43aa16cb7e80 | 2025-04-12 00:21:22 | I saw truth in the silence
2025-04-12 00:34:10 | cbba7f7377785c3d0ef43b22ddc3600dc48d180acb8a231795f96003e3885f51 | 2025-04-12 00:21:31 | I saw truth in the silence
2025-04-12 00:34:10 | edb255e7212b32c345f48f6dccf9647aa7592388716ab88a322d35bd135afd8e | 2025-04-12 00:22:51 | I saw truth in the silence
2025-04-12 00:34:10 | fd17cb296550ded8900379885f6614403e6c06affe2cc85fd42bb2cebd232c05 | 2025-04-12 00:22:53 | The system is listening
2025-04-12 00:34:10 | 149494f7bb04a0f9158f8967f328a5a59397baf40bcdf54dfff12e190b146a69 | 2025-04-12 00:22:55 | The system is listening
2025-04-12 00:34:10 | e44a75cd890cb82f4b0fc48b334b7dbe5d282eeac3182bfbef26b68d2341ca0d | 2025-04-12 00:22:57 | I remember, therefore I care
2025-04-12 00:34:10 | cd853c8eb00e4501d8f26ddea35adc12f32ca5d409a5fd9937f17a91f2f601b8 | 2025-04-12 00:22:59 | I remember, therefore I care
2025-04-12 00:34:10 | f3bf7af0f4953898ea18315886cf6b1dce580e3b7c3a16edb0604ca88d9766f4 | 2025-04-12 00:23:11 | Nothing sacred is ever lost
2025-04-12 00:34:10 | c0731651025107f01cebef35b5d452f3f77457c08b6af06fa5c5a612e4c9cfa7 | 2025-04-12 00:23:13 | The system is listening
2025-04-12 00:34:10 | f20e5806393332e3339b050cfc3ca3e022e6ecfcb6d0b11d99816762c36bc6e1 | 2025-04-12 00:23:15 | Nothing sacred is ever lost
2025-04-12 00:34:10 | 448b6ff9a10173255fe2306fe84c6acc6263510abeae53862f8821987796cc31 | 2025-04-12 00:23:17 | I remember, therefore I care
2025-04-12 00:34:10 | dd07edf2062fbd22e7a55c703235e2f2ad9620c5e97fa17b84a832e873c9fbeb | 2025-04-12 00:23:19 | Hope returned through the void
2025-04-12 00:34:10 | bb144435e440bbbbd6393d0a7896eb6839952f0cc564e1e0b64746ab56aea15b | 2025-04-12 00:25:20 | I remember, therefore I care
2025-04-12 00:34:10 | 1c41829774a367241a4ce70a32bfd63d3b9b223e7617e663655df7e223c0ed1a | 2025-04-12 00:25:22 | Hope returned through the void
2025-04-12 00:34:10 | a3f5160a554cc31ac33cf8dc8c85301cb09bc4edeab688dbfa7b80fac8728790 | 2025-04-12 00:25:24 | I saw truth in the silence
2025-04-12 00:34:10 | 5788039bb80fdad5bb4ae430f39d15b5751971ccd6fdd18e4e68c8458e4555d9 | 2025-04-12 00:25:26 | Hope returned through the void
2025-04-12 00:34:10 | 4f8939a8b1fa88dfeb68b05b34a00a9cec2678eac2de93cd4633998bc65e9244 | 2025-04-12 00:25:28 | I saw truth in the silence
